{"error":"Request failed with status code 403","level":"error","message":"Fehler beim Senden des Heartbeats","timestamp":"2025-03-19T10:42:05.858Z"}
{"error":"Request failed with status code 403","level":"error","message":"Fehler beim Senden des Heartbeats","timestamp":"2025-03-19T17:43:46.153Z"}
{"error":"Request failed with status code 403","level":"error","message":"Fehler beim Senden des Heartbeats","timestamp":"2025-03-19T17:44:00.172Z"}
{"error":"Request failed with status code 403","level":"error","message":"Fehler beim Senden des Heartbeats","timestamp":"2025-03-24T06:32:37.223Z"}
{"error":"Request failed with status code 403","level":"error","message":"Fehler beim Senden des Heartbeats","timestamp":"2025-03-24T06:48:04.261Z"}
{"level":"warn","message":"Möglicher SUSPICIOUS_ENDPOINT-Angriff erkannt","request":{"body":{},"headers":{"accept":"*/*","host":"localhost:8080","user-agent":"curl/8.7.1"},"ip":"::ffff:192.168.65.1","method":"GET","path":"/login","query":{"username":"admin' OR 1=1--"},"timestamp":"2025-03-25T16:53:17.400Z"},"timestamp":"2025-03-25T16:53:17.401Z"}
{"error":"Request failed with status code 403","level":"error","message":"Fehler beim Melden des Angriffs","timestamp":"2025-03-25T16:53:17.537Z"}
{"level":"warn","message":"Möglicher SUSPICIOUS_USER_AGENT-Angriff erkannt","request":{"body":{},"headers":{"accept":"*/*","host":"localhost:8080","user-agent":"curl/8.7.1"},"ip":"::ffff:192.168.65.1","method":"POST","path":"/upload-offline-attacks","query":{},"timestamp":"2025-03-25T16:59:34.587Z"},"timestamp":"2025-03-25T16:59:34.588Z"}
{"error":"Request failed with status code 403","level":"error","message":"Fehler beim Melden des Angriffs","timestamp":"2025-03-25T16:59:34.724Z"}
{"level":"warn","message":"Möglicher SUSPICIOUS_USER_AGENT-Angriff erkannt","request":{"body":{},"headers":{"accept":"*/*","host":"localhost:8080","user-agent":"curl/8.12.1"},"ip":"::1","method":"GET","path":"/monitor","query":{},"timestamp":"2025-03-25T18:26:49.249Z"},"timestamp":"2025-03-25T18:26:49.249Z"}
{"error":"Request failed with status code 500","level":"error","message":"Fehler beim Melden des Angriffs","timestamp":"2025-03-25T18:26:49.432Z"}
{"level":"warn","message":"Möglicher SUSPICIOUS_USER_AGENT-Angriff erkannt","request":{"body":{},"headers":{"accept":"*/*","host":"localhost:8080","user-agent":"curl/8.12.1"},"ip":"::1","method":"GET","path":"/monitor","query":{},"timestamp":"2025-03-25T18:27:19.309Z"},"timestamp":"2025-03-25T18:27:19.309Z"}
{"error":"Request failed with status code 500","level":"error","message":"Fehler beim Melden des Angriffs","timestamp":"2025-03-25T18:27:19.472Z"}
{"level":"warn","message":"Möglicher SUSPICIOUS_USER_AGENT-Angriff erkannt","request":{"body":{},"headers":{"accept":"*/*","host":"localhost:8080","user-agent":"curl/8.12.1"},"ip":"::1","method":"GET","path":"/monitor","query":{},"timestamp":"2025-03-25T18:27:49.342Z"},"timestamp":"2025-03-25T18:27:49.342Z"}
{"error":"Request failed with status code 500","level":"error","message":"Fehler beim Melden des Angriffs","timestamp":"2025-03-25T18:27:49.535Z"}
{"level":"warn","message":"Möglicher SUSPICIOUS_USER_AGENT-Angriff erkannt","request":{"body":{},"headers":{"accept":"*/*","host":"localhost:8080","user-agent":"curl/8.12.1"},"ip":"::1","method":"GET","path":"/monitor","query":{},"timestamp":"2025-03-25T18:28:19.381Z"},"timestamp":"2025-03-25T18:28:19.381Z"}
{"error":"Request failed with status code 500","level":"error","message":"Fehler beim Melden des Angriffs","timestamp":"2025-03-25T18:28:19.546Z"}
{"level":"warn","message":"Möglicher SUSPICIOUS_USER_AGENT-Angriff erkannt","request":{"body":{},"headers":{"accept":"*/*","host":"localhost:8080","user-agent":"curl/8.12.1"},"ip":"::1","method":"GET","path":"/monitor","query":{},"timestamp":"2025-03-25T18:28:49.413Z"},"timestamp":"2025-03-25T18:28:49.414Z"}
{"error":"Request failed with status code 500","level":"error","message":"Fehler beim Melden des Angriffs","timestamp":"2025-03-25T18:28:49.734Z"}
{"level":"warn","message":"Möglicher SUSPICIOUS_USER_AGENT-Angriff erkannt","request":{"body":{},"headers":{"accept":"*/*","host":"localhost:8080","user-agent":"curl/8.12.1"},"ip":"::1","method":"GET","path":"/monitor","query":{},"timestamp":"2025-03-25T18:29:19.465Z"},"timestamp":"2025-03-25T18:29:19.466Z"}
{"error":"Request failed with status code 500","level":"error","message":"Fehler beim Melden des Angriffs","timestamp":"2025-03-25T18:29:19.636Z"}
{"level":"warn","message":"Möglicher SUSPICIOUS_USER_AGENT-Angriff erkannt","request":{"body":{},"headers":{"accept":"*/*","host":"localhost:8080","user-agent":"curl/8.12.1"},"ip":"::1","method":"GET","path":"/monitor","query":{},"timestamp":"2025-03-25T18:29:49.519Z"},"timestamp":"2025-03-25T18:29:49.520Z"}
{"error":"Request failed with status code 500","level":"error","message":"Fehler beim Melden des Angriffs","timestamp":"2025-03-25T18:29:49.715Z"}
{"level":"warn","message":"Möglicher SUSPICIOUS_USER_AGENT-Angriff erkannt","request":{"body":{},"headers":{"accept":"*/*","host":"localhost:8080","user-agent":"curl/8.12.1"},"ip":"::1","method":"GET","path":"/monitor","query":{},"timestamp":"2025-03-25T18:30:19.567Z"},"timestamp":"2025-03-25T18:30:19.568Z"}
{"error":"Request failed with status code 500","level":"error","message":"Fehler beim Melden des Angriffs","timestamp":"2025-03-25T18:30:19.762Z"}
{"level":"warn","message":"Möglicher SUSPICIOUS_USER_AGENT-Angriff erkannt","request":{"body":{},"headers":{"accept":"*/*","host":"localhost:8080","user-agent":"curl/8.12.1"},"ip":"::1","method":"GET","path":"/monitor","query":{},"timestamp":"2025-03-26T07:07:26.349Z"},"timestamp":"2025-03-26T07:07:26.349Z"}
{"error":"Request failed with status code 500","level":"error","message":"Fehler beim Melden des Angriffs","timestamp":"2025-03-26T07:07:26.495Z"}
{"level":"warn","message":"Möglicher SUSPICIOUS_USER_AGENT-Angriff erkannt","request":{"body":{},"headers":{"accept":"*/*","host":"localhost:8080","user-agent":"curl/8.12.1"},"ip":"::1","method":"GET","path":"/monitor","query":{},"timestamp":"2025-03-26T07:15:07.990Z"},"timestamp":"2025-03-26T07:15:07.991Z"}
{"error":"Request failed with status code 500","level":"error","message":"Fehler beim Melden des Angriffs","timestamp":"2025-03-26T07:15:08.161Z"}
{"code":"ECONNREFUSED","level":"error","message":"Heartbeat-Fehler: Keine Antwort vom Server erhalten connect ECONNREFUSED ::1:3001","timestamp":"2025-03-26T07:15:36.538Z"}
{"error":"connect ECONNREFUSED ::1:3001","level":"error","message":"Fehler beim Senden des Heartbeats (Versuch 1)","timestamp":"2025-03-26T07:15:36.538Z"}
{"code":"ECONNREFUSED","level":"error","message":"Heartbeat-Fehler: Keine Antwort vom Server erhalten connect ECONNREFUSED ::1:3001","timestamp":"2025-03-26T07:15:41.549Z"}
{"error":"connect ECONNREFUSED ::1:3001","level":"error","message":"Auch erneuter Heartbeat-Versuch fehlgeschlagen","timestamp":"2025-03-26T07:15:41.549Z"}
{"code":"HPE_INVALID_CONSTANT","level":"error","message":"Heartbeat-Fehler: Keine Antwort vom Server erhalten Parse Error: Expected HTTP/","timestamp":"2025-03-26T07:19:25.141Z"}
{"error":"Parse Error: Expected HTTP/","level":"error","message":"Fehler beim Senden des Heartbeats (Versuch 1)","timestamp":"2025-03-26T07:19:25.141Z"}
{"code":"HPE_INVALID_CONSTANT","level":"error","message":"Heartbeat-Fehler: Keine Antwort vom Server erhalten Parse Error: Expected HTTP/","timestamp":"2025-03-26T07:19:30.264Z"}
{"error":"Parse Error: Expected HTTP/","level":"error","message":"Auch erneuter Heartbeat-Versuch fehlgeschlagen","timestamp":"2025-03-26T07:19:30.265Z"}
{"code":"HPE_INVALID_CONSTANT","level":"error","message":"Heartbeat-Fehler: Keine Antwort vom Server erhalten Parse Error: Expected HTTP/","timestamp":"2025-03-26T07:20:00.080Z"}
{"error":"Parse Error: Expected HTTP/","level":"error","message":"Fehler beim Senden des Heartbeats (Versuch 2)","timestamp":"2025-03-26T07:20:00.080Z"}
{"code":"HPE_INVALID_CONSTANT","level":"error","message":"Heartbeat-Fehler: Keine Antwort vom Server erhalten Parse Error: Expected HTTP/","timestamp":"2025-03-26T07:20:05.185Z"}
{"error":"Parse Error: Expected HTTP/","level":"error","message":"Auch erneuter Heartbeat-Versuch fehlgeschlagen","timestamp":"2025-03-26T07:20:05.185Z"}
{"level":"warn","message":"Möglicher SUSPICIOUS_USER_AGENT-Angriff erkannt","request":{"body":{},"headers":{"accept":"*/*","host":"localhost:8080","user-agent":"curl/8.7.1"},"ip":"::ffff:192.168.65.1","method":"POST","path":"/upload-offline-attacks","query":{},"timestamp":"2025-03-26T07:20:12.221Z"},"timestamp":"2025-03-26T07:20:12.222Z"}
{"error":"Parse Error: Expected HTTP/","level":"error","message":"Fehler beim Melden des Angriffs","timestamp":"2025-03-26T07:20:12.356Z"}
{"level":"warn","message":"Möglicher SUSPICIOUS_USER_AGENT-Angriff erkannt","request":{"body":{},"headers":{"accept":"*/*","host":"localhost:8080","user-agent":"curl/8.7.1"},"ip":"::ffff:192.168.65.1","method":"POST","path":"/upload-offline-attacks","query":{},"timestamp":"2025-03-26T07:20:59.491Z"},"timestamp":"2025-03-26T07:20:59.491Z"}
{"error":"Parse Error: Expected HTTP/","level":"error","message":"Fehler beim Melden des Angriffs","timestamp":"2025-03-26T07:20:59.604Z"}
{"code":"HPE_INVALID_CONSTANT","level":"error","message":"Heartbeat-Fehler: Keine Antwort vom Server erhalten Parse Error: Expected HTTP/","timestamp":"2025-03-26T07:21:00.103Z"}
{"error":"Parse Error: Expected HTTP/","level":"error","message":"Fehler beim Senden des Heartbeats (Versuch 3)","timestamp":"2025-03-26T07:21:00.104Z"}
{"level":"warn","message":"Mehrere Heartbeat-Fehler - teste API-Verbindung...","timestamp":"2025-03-26T07:21:00.104Z"}
{"endpoint":"http://host.docker.internal:3001/api/ping","error":"Parse Error: Expected HTTP/","level":"error","message":"API-Verbindungstest fehlgeschlagen","response":null,"timestamp":"2025-03-26T07:21:00.175Z"}
{"level":"error","message":"API-Verbindung fehlgeschlagen - möglicherweise Server-Problem","timestamp":"2025-03-26T07:21:00.176Z"}
{"code":"HPE_INVALID_CONSTANT","level":"error","message":"Heartbeat-Fehler: Keine Antwort vom Server erhalten Parse Error: Expected HTTP/","timestamp":"2025-03-26T07:21:05.171Z"}
{"error":"Parse Error: Expected HTTP/","level":"error","message":"Auch erneuter Heartbeat-Versuch fehlgeschlagen","timestamp":"2025-03-26T07:21:05.172Z"}
{"code":"HPE_INVALID_CONSTANT","level":"error","message":"Heartbeat-Fehler: Keine Antwort vom Server erhalten Parse Error: Expected HTTP/","timestamp":"2025-03-26T07:31:53.817Z"}
{"error":"Parse Error: Expected HTTP/","level":"error","message":"Fehler beim Senden des Heartbeats (Versuch 1)","timestamp":"2025-03-26T07:31:53.817Z"}
{"code":"HPE_INVALID_CONSTANT","level":"error","message":"Heartbeat-Fehler: Keine Antwort vom Server erhalten Parse Error: Expected HTTP/","timestamp":"2025-03-26T07:32:00.086Z"}
{"error":"Parse Error: Expected HTTP/","level":"error","message":"Fehler beim Senden des Heartbeats (Versuch 2)","timestamp":"2025-03-26T07:32:00.087Z"}
{"code":"HPE_INVALID_CONSTANT","level":"error","message":"Heartbeat-Fehler: Keine Antwort vom Server erhalten Parse Error: Expected HTTP/","timestamp":"2025-03-26T07:32:03.910Z"}
{"error":"Parse Error: Expected HTTP/","level":"error","message":"Auch erneuter Heartbeat-Versuch fehlgeschlagen","timestamp":"2025-03-26T07:32:03.910Z"}
{"code":"HPE_INVALID_CONSTANT","level":"error","message":"Heartbeat-Fehler: Keine Antwort vom Server erhalten Parse Error: Expected HTTP/","timestamp":"2025-03-26T07:32:10.196Z"}
{"error":"Parse Error: Expected HTTP/","level":"error","message":"Auch erneuter Heartbeat-Versuch fehlgeschlagen","timestamp":"2025-03-26T07:32:10.196Z"}
{"code":"ENOTFOUND","level":"error","message":"Heartbeat-Fehler: Keine Antwort vom Server erhalten getaddrinfo ENOTFOUND hono","timestamp":"2025-03-26T07:33:11.933Z"}
{"error":"getaddrinfo ENOTFOUND hono","level":"error","message":"Fehler beim Senden des Heartbeats (Versuch 1)","timestamp":"2025-03-26T07:33:11.933Z"}
{"level":"warn","message":"Möglicher SUSPICIOUS_USER_AGENT-Angriff erkannt","request":{"body":{},"headers":{"accept":"*/*","host":"localhost:8080","user-agent":"curl/8.12.1"},"ip":"::1","method":"GET","path":"/monitor","query":{},"timestamp":"2025-03-26T07:33:14.846Z"},"timestamp":"2025-03-26T07:33:14.847Z"}
{"error":"getaddrinfo ENOTFOUND hono","level":"error","message":"Fehler beim Melden des Angriffs","timestamp":"2025-03-26T07:33:14.855Z"}
{"code":"HPE_INVALID_CONSTANT","level":"error","message":"Heartbeat-Fehler: Keine Antwort vom Server erhalten Parse Error: Expected HTTP/","timestamp":"2025-03-26T07:33:40.611Z"}
{"error":"Parse Error: Expected HTTP/","level":"error","message":"Fehler beim Senden des Heartbeats (Versuch 1)","timestamp":"2025-03-26T07:33:40.611Z"}
{"level":"warn","message":"Möglicher SUSPICIOUS_USER_AGENT-Angriff erkannt","request":{"body":{},"headers":{"accept":"*/*","host":"localhost:8080","user-agent":"curl/8.12.1"},"ip":"::1","method":"GET","path":"/monitor","query":{},"timestamp":"2025-03-26T07:33:43.165Z"},"timestamp":"2025-03-26T07:33:43.166Z"}
{"error":"Parse Error: Expected HTTP/","level":"error","message":"Fehler beim Melden des Angriffs","timestamp":"2025-03-26T07:33:43.256Z"}
{"level":"warn","message":"Möglicher SUSPICIOUS_USER_AGENT-Angriff erkannt","request":{"body":{},"headers":{"accept":"*/*","host":"localhost:8080","user-agent":"curl/8.7.1"},"ip":"::ffff:192.168.65.1","method":"POST","path":"/upload-offline-attacks","query":{},"timestamp":"2025-03-26T07:33:59.261Z"},"timestamp":"2025-03-26T07:33:59.261Z"}
{"error":"Parse Error: Expected HTTP/","level":"error","message":"Fehler beim Melden des Angriffs","timestamp":"2025-03-26T07:33:59.332Z"}
{"code":"HPE_INVALID_CONSTANT","level":"error","message":"Heartbeat-Fehler: Keine Antwort vom Server erhalten Parse Error: Expected HTTP/","timestamp":"2025-03-26T07:34:00.209Z"}
{"error":"Parse Error: Expected HTTP/","level":"error","message":"Fehler beim Senden des Heartbeats (Versuch 2)","timestamp":"2025-03-26T07:34:00.210Z"}
{"code":"HPE_INVALID_CONSTANT","level":"error","message":"Heartbeat-Fehler: Keine Antwort vom Server erhalten Parse Error: Expected HTTP/","timestamp":"2025-03-26T07:56:20.435Z"}
{"error":"Parse Error: Expected HTTP/","level":"error","message":"Fehler beim Senden des Heartbeats (Versuch 1)","timestamp":"2025-03-26T07:56:20.435Z"}
{"level":"warn","message":"Möglicher SUSPICIOUS_USER_AGENT-Angriff erkannt","request":{"body":{},"headers":{"accept":"*/*","host":"localhost:8080","user-agent":"curl/8.12.1"},"ip":"::1","method":"GET","path":"/monitor","query":{},"timestamp":"2025-03-26T07:56:22.811Z"},"timestamp":"2025-03-26T07:56:22.811Z"}
{"error":"Parse Error: Expected HTTP/","level":"error","message":"Fehler beim Melden des Angriffs","timestamp":"2025-03-26T07:56:22.875Z"}
{"level":"warn","message":"Möglicher SUSPICIOUS_USER_AGENT-Angriff erkannt","request":{"body":{},"headers":{"accept":"*/*","host":"localhost:8080","user-agent":"curl/8.12.1"},"ip":"::1","method":"GET","path":"/monitor","query":{},"timestamp":"2025-03-26T07:56:52.849Z"},"timestamp":"2025-03-26T07:56:52.849Z"}
{"error":"Parse Error: Expected HTTP/","level":"error","message":"Fehler beim Melden des Angriffs","timestamp":"2025-03-26T07:56:52.945Z"}
{"code":"ECONNREFUSED","level":"error","message":"Heartbeat-Fehler: Keine Antwort vom Server erhalten connect ECONNREFUSED 192.168.65.254:3001","timestamp":"2025-03-26T07:57:00.014Z"}
{"error":"connect ECONNREFUSED 192.168.65.254:3001","level":"error","message":"Fehler beim Senden des Heartbeats (Versuch 2)","timestamp":"2025-03-26T07:57:00.015Z"}
{"level":"warn","message":"Möglicher SUSPICIOUS_USER_AGENT-Angriff erkannt","request":{"body":{},"headers":{"accept":"*/*","host":"localhost:8080","user-agent":"curl/8.12.1"},"ip":"::1","method":"GET","path":"/monitor","query":{},"timestamp":"2025-03-26T07:57:22.891Z"},"timestamp":"2025-03-26T07:57:22.891Z"}
{"error":"connect ECONNREFUSED 192.168.65.254:3001","level":"error","message":"Fehler beim Melden des Angriffs","timestamp":"2025-03-26T07:57:22.895Z"}
{"level":"warn","message":"Möglicher SUSPICIOUS_USER_AGENT-Angriff erkannt","request":{"body":{},"headers":{"accept":"*/*","host":"localhost:8080","user-agent":"curl/8.12.1"},"ip":"::1","method":"GET","path":"/monitor","query":{},"timestamp":"2025-03-26T07:57:52.942Z"},"timestamp":"2025-03-26T07:57:52.942Z"}
{"error":"connect ECONNREFUSED 192.168.65.254:3001","level":"error","message":"Fehler beim Melden des Angriffs","timestamp":"2025-03-26T07:57:52.947Z"}
{"code":"ECONNREFUSED","level":"error","message":"Heartbeat-Fehler: Keine Antwort vom Server erhalten connect ECONNREFUSED 192.168.65.254:3001","timestamp":"2025-03-26T07:58:00.021Z"}
{"error":"connect ECONNREFUSED 192.168.65.254:3001","level":"error","message":"Fehler beim Senden des Heartbeats (Versuch 3)","timestamp":"2025-03-26T07:58:00.021Z"}
{"level":"warn","message":"Mehrere Heartbeat-Fehler - teste API-Verbindung...","timestamp":"2025-03-26T07:58:00.021Z"}
{"endpoint":"http://hono:3001/api/ping","error":"connect ECONNREFUSED 192.168.65.254:3001","level":"error","message":"API-Verbindungstest fehlgeschlagen","response":null,"timestamp":"2025-03-26T07:58:00.023Z"}
{"level":"error","message":"API-Verbindung fehlgeschlagen - möglicherweise Server-Problem","timestamp":"2025-03-26T07:58:00.023Z"}
{"level":"warn","message":"Möglicher SUSPICIOUS_USER_AGENT-Angriff erkannt","request":{"body":{},"headers":{"accept":"*/*","host":"localhost:8080","user-agent":"curl/8.12.1"},"ip":"::1","method":"GET","path":"/monitor","query":{},"timestamp":"2025-03-26T07:58:22.992Z"},"timestamp":"2025-03-26T07:58:22.992Z"}
{"error":"connect ECONNREFUSED 192.168.65.254:3001","level":"error","message":"Fehler beim Melden des Angriffs","timestamp":"2025-03-26T07:58:22.997Z"}
{"level":"warn","message":"Möglicher SUSPICIOUS_USER_AGENT-Angriff erkannt","request":{"body":{},"headers":{"accept":"*/*","host":"localhost:8080","user-agent":"curl/8.12.1"},"ip":"::1","method":"GET","path":"/monitor","query":{},"timestamp":"2025-03-26T07:58:53.030Z"},"timestamp":"2025-03-26T07:58:53.030Z"}
{"error":"connect ECONNREFUSED 192.168.65.254:3001","level":"error","message":"Fehler beim Melden des Angriffs","timestamp":"2025-03-26T07:58:53.034Z"}
{"code":"ECONNREFUSED","level":"error","message":"Heartbeat-Fehler: Keine Antwort vom Server erhalten connect ECONNREFUSED 192.168.65.254:3001","timestamp":"2025-03-26T07:59:00.014Z"}
{"error":"connect ECONNREFUSED 192.168.65.254:3001","level":"error","message":"Fehler beim Senden des Heartbeats (Versuch 4)","timestamp":"2025-03-26T07:59:00.015Z"}
{"level":"warn","message":"Möglicher SUSPICIOUS_USER_AGENT-Angriff erkannt","request":{"body":{},"headers":{"accept":"*/*","host":"localhost:8080","user-agent":"curl/8.12.1"},"ip":"::1","method":"GET","path":"/monitor","query":{},"timestamp":"2025-03-26T07:59:23.069Z"},"timestamp":"2025-03-26T07:59:23.069Z"}
{"error":"connect ECONNREFUSED 192.168.65.254:3001","level":"error","message":"Fehler beim Melden des Angriffs","timestamp":"2025-03-26T07:59:23.074Z"}
{"code":"HPE_INVALID_CONSTANT","level":"error","message":"Heartbeat-Fehler: Keine Antwort vom Server erhalten Parse Error: Expected HTTP/","timestamp":"2025-03-26T08:00:28.114Z"}
{"error":"Parse Error: Expected HTTP/","level":"error","message":"Fehler beim Senden des Heartbeats (Versuch 1)","timestamp":"2025-03-26T08:00:28.114Z"}
{"level":"warn","message":"Möglicher SUSPICIOUS_USER_AGENT-Angriff erkannt","request":{"body":{},"headers":{"accept":"*/*","host":"localhost:8080","user-agent":"curl/8.12.1"},"ip":"::1","method":"GET","path":"/monitor","query":{},"timestamp":"2025-03-26T08:00:30.480Z"},"timestamp":"2025-03-26T08:00:30.480Z"}
{"error":"Parse Error: Expected HTTP/","level":"error","message":"Fehler beim Melden des Angriffs","timestamp":"2025-03-26T08:00:30.566Z"}
{"code":"HPE_INVALID_CONSTANT","level":"error","message":"Heartbeat-Fehler: Keine Antwort vom Server erhalten Parse Error: Expected HTTP/","timestamp":"2025-03-26T08:06:28.591Z"}
{"error":"Parse Error: Expected HTTP/","level":"error","message":"Fehler beim Senden des Heartbeats (Versuch 1)","timestamp":"2025-03-26T08:06:28.591Z"}
{"level":"warn","message":"Möglicher SUSPICIOUS_USER_AGENT-Angriff erkannt","request":{"body":{},"headers":{"accept":"*/*","host":"localhost:8080","user-agent":"curl/8.12.1"},"ip":"::1","method":"GET","path":"/monitor","query":{},"timestamp":"2025-03-26T08:06:31.067Z"},"timestamp":"2025-03-26T08:06:31.067Z"}
{"error":"Parse Error: Expected HTTP/","level":"error","message":"Fehler beim Melden des Angriffs","timestamp":"2025-03-26T08:06:31.155Z"}
{"code":"HPE_INVALID_CONSTANT","level":"error","message":"Heartbeat-Fehler: Keine Antwort vom Server erhalten Parse Error: Expected HTTP/","timestamp":"2025-03-26T08:12:09.364Z"}
{"error":"Parse Error: Expected HTTP/","level":"error","message":"Fehler beim Senden des Heartbeats (Versuch 1)","timestamp":"2025-03-26T08:12:09.364Z"}
{"level":"warn","message":"Möglicher SUSPICIOUS_USER_AGENT-Angriff erkannt","request":{"body":{},"headers":{"accept":"*/*","host":"localhost:8080","user-agent":"curl/8.12.1"},"ip":"::1","method":"GET","path":"/monitor","query":{},"timestamp":"2025-03-26T08:12:11.803Z"},"timestamp":"2025-03-26T08:12:11.803Z"}
{"error":"Parse Error: Expected HTTP/","level":"error","message":"Fehler beim Melden des Angriffs","timestamp":"2025-03-26T08:12:11.910Z"}
{"code":"HPE_INVALID_CONSTANT","level":"error","message":"Heartbeat-Fehler: Keine Antwort vom Server erhalten Parse Error: Expected HTTP/","timestamp":"2025-03-26T08:18:16.137Z"}
{"error":"Parse Error: Expected HTTP/","level":"error","message":"Fehler beim Senden des Heartbeats (Versuch 1)","timestamp":"2025-03-26T08:18:16.138Z"}
{"level":"warn","message":"Möglicher SUSPICIOUS_USER_AGENT-Angriff erkannt","request":{"body":{},"headers":{"accept":"*/*","host":"localhost:8080","user-agent":"curl/8.12.1"},"ip":"::1","method":"GET","path":"/monitor","query":{},"timestamp":"2025-03-26T08:18:18.630Z"},"timestamp":"2025-03-26T08:18:18.630Z"}
{"error":"Parse Error: Expected HTTP/","level":"error","message":"Fehler beim Melden des Angriffs","timestamp":"2025-03-26T08:18:18.754Z"}
{"code":"HPE_INVALID_CONSTANT","level":"error","message":"Heartbeat-Fehler: Keine Antwort vom Server erhalten Parse Error: Expected HTTP/","timestamp":"2025-03-26T08:23:14.266Z"}
{"error":"Parse Error: Expected HTTP/","level":"error","message":"Fehler beim Senden des Heartbeats (Versuch 1)","timestamp":"2025-03-26T08:23:14.266Z"}
{"level":"warn","message":"Möglicher SUSPICIOUS_USER_AGENT-Angriff erkannt","request":{"body":{},"headers":{"accept":"*/*","host":"localhost:8080","user-agent":"curl/8.12.1"},"ip":"::1","method":"GET","path":"/monitor","query":{},"timestamp":"2025-03-26T08:23:16.790Z"},"timestamp":"2025-03-26T08:23:16.791Z"}
{"error":"Parse Error: Expected HTTP/","level":"error","message":"Fehler beim Melden des Angriffs","timestamp":"2025-03-26T08:23:16.873Z"}
{"level":"warn","message":"Möglicher SUSPICIOUS_USER_AGENT-Angriff erkannt","request":{"body":{},"headers":{"accept":"*/*","host":"localhost:8080","user-agent":"curl/8.12.1"},"ip":"::1","method":"GET","path":"/monitor","query":{},"timestamp":"2025-03-26T08:23:46.845Z"},"timestamp":"2025-03-26T08:23:46.845Z"}
{"error":"Parse Error: Expected HTTP/","level":"error","message":"Fehler beim Melden des Angriffs","timestamp":"2025-03-26T08:23:46.949Z"}
{"code":"HPE_INVALID_CONSTANT","level":"error","message":"Heartbeat-Fehler: Keine Antwort vom Server erhalten Parse Error: Expected HTTP/","timestamp":"2025-03-26T08:24:00.266Z"}
{"error":"Parse Error: Expected HTTP/","level":"error","message":"Fehler beim Senden des Heartbeats (Versuch 2)","timestamp":"2025-03-26T08:24:00.266Z"}
{"code":"HPE_INVALID_CONSTANT","level":"error","message":"Heartbeat-Fehler: Keine Antwort vom Server erhalten Parse Error: Expected HTTP/","timestamp":"2025-03-26T08:30:20.928Z"}
{"error":"Parse Error: Expected HTTP/","level":"error","message":"Fehler beim Senden des Heartbeats (Versuch 1)","timestamp":"2025-03-26T08:30:20.928Z"}
{"level":"warn","message":"Möglicher SUSPICIOUS_USER_AGENT-Angriff erkannt","request":{"body":{},"headers":{"accept":"*/*","host":"localhost:8080","user-agent":"curl/8.12.1"},"ip":"::1","method":"GET","path":"/monitor","query":{},"timestamp":"2025-03-26T08:30:23.358Z"},"timestamp":"2025-03-26T08:30:23.358Z"}
{"error":"Parse Error: Expected HTTP/","level":"error","message":"Fehler beim Melden des Angriffs","timestamp":"2025-03-26T08:30:23.455Z"}
{"level":"warn","message":"Möglicher SUSPICIOUS_USER_AGENT-Angriff erkannt","request":{"body":{},"headers":{"accept":"*/*","host":"localhost:8080","user-agent":"curl/8.12.1"},"ip":"::1","method":"GET","path":"/monitor","query":{},"timestamp":"2025-03-26T08:30:53.407Z"},"timestamp":"2025-03-26T08:30:53.407Z"}
{"error":"Parse Error: Expected HTTP/","level":"error","message":"Fehler beim Melden des Angriffs","timestamp":"2025-03-26T08:30:53.528Z"}
{"code":"ECONNREFUSED","level":"error","message":"Heartbeat-Fehler: Keine Antwort vom Server erhalten connect ECONNREFUSED 192.168.65.254:3001","timestamp":"2025-03-26T08:31:00.020Z"}
{"error":"connect ECONNREFUSED 192.168.65.254:3001","level":"error","message":"Fehler beim Senden des Heartbeats (Versuch 2)","timestamp":"2025-03-26T08:31:00.021Z"}
{"level":"warn","message":"Möglicher SUSPICIOUS_USER_AGENT-Angriff erkannt","request":{"body":{},"headers":{"accept":"*/*","host":"localhost:8080","user-agent":"curl/8.12.1"},"ip":"::1","method":"GET","path":"/monitor","query":{},"timestamp":"2025-03-26T10:03:59.427Z"},"timestamp":"2025-03-26T10:03:59.427Z"}
{"error":"Request failed with status code 500","level":"error","message":"Fehler beim Melden des Angriffs","timestamp":"2025-03-26T10:03:59.753Z"}
