{"environment":"development","level":"info","logLevel":"debug","message":"Logger initialisiert mit Level: debug","timestamp":"2025-03-24T06:32:37.022Z","transports":["console","file","file","file","file"]}
{"level":"info","message":"Sende Heartbeat an API-Server...","timestamp":"2025-03-24T06:32:37.023Z"}
{"level":"info","message":"HTTP-Honeypot-Modul wird eingerichtet...","timestamp":"2025-03-24T06:32:37.048Z"}
{"level":"info","message":"HTTP-Honeypot-Modul erfolgreich eingerichtet.","timestamp":"2025-03-24T06:32:37.048Z"}
{"level":"info","message":"SSH-Honeypot-Modul wird eingerichtet...","timestamp":"2025-03-24T06:32:37.049Z"}
{"level":"info","message":"Debug-Modus aktiviert. /debug Endpunkt verfügbar.","timestamp":"2025-03-24T06:32:37.051Z"}
{"level":"info","message":"Honeypot-Server gestartet auf Port 8080","timestamp":"2025-03-24T06:32:37.053Z"}
{"level":"info","message":"Konfiguration: {\n  \"honeypotId\": \"dev\",\n  \"apiKey\": \"e309bbf470b3e57d10082aa69325173e3c012e83ed6452a0d995bbb721c02f4a\",\n  \"apiEndpoint\": \"https://api.ipswamp.com/api\",\n  \"heartbeatInterval\": 60000,\n  \"httpPort\": 8080,\n  \"hostIP\": \"172.18.0.2\",\n  \"debugMode\": true\n}","timestamp":"2025-03-24T06:32:37.053Z"}
{"level":"info","message":"SSH-Honeypot gestartet auf Port 2222","timestamp":"2025-03-24T06:32:37.053Z"}
{"error":"Request failed with status code 403","level":"error","message":"Fehler beim Senden des Heartbeats","timestamp":"2025-03-24T06:32:37.223Z"}
{"level":"info","message":"SIGTERM Signal empfangen. Beende Anwendung...","timestamp":"2025-03-24T06:32:48.838Z"}
{"environment":"development","level":"info","logLevel":"debug","message":"Logger initialisiert mit Level: debug","timestamp":"2025-03-24T06:48:03.905Z","transports":["console","file","file","file","file"]}
{"level":"info","message":"Sende Heartbeat an API-Server...","timestamp":"2025-03-24T06:48:03.906Z"}
{"level":"info","message":"HTTP-Honeypot-Modul wird eingerichtet...","timestamp":"2025-03-24T06:48:03.931Z"}
{"level":"info","message":"HTTP-Honeypot-Modul erfolgreich eingerichtet.","timestamp":"2025-03-24T06:48:03.932Z"}
{"level":"info","message":"SSH-Honeypot-Modul wird eingerichtet...","timestamp":"2025-03-24T06:48:03.932Z"}
{"level":"info","message":"Debug-Modus aktiviert. /debug Endpunkt verfügbar.","timestamp":"2025-03-24T06:48:03.933Z"}
{"level":"info","message":"Honeypot-Server gestartet auf Port 8080","timestamp":"2025-03-24T06:48:03.936Z"}
{"level":"info","message":"Konfiguration: {\n  \"honeypotId\": \"dev\",\n  \"apiKey\": \"e309bbf470b3e57d10082aa69325173e3c012e83ed6452a0d995bbb721c02f4a\",\n  \"apiEndpoint\": \"https://api.ipswamp.com/api\",\n  \"heartbeatInterval\": 60000,\n  \"httpPort\": 8080,\n  \"hostIP\": \"172.18.0.2\",\n  \"debugMode\": true\n}","timestamp":"2025-03-24T06:48:03.936Z"}
{"level":"info","message":"SSH-Honeypot gestartet auf Port 2222","timestamp":"2025-03-24T06:48:03.936Z"}
{"error":"Request failed with status code 403","level":"error","message":"Fehler beim Senden des Heartbeats","timestamp":"2025-03-24T06:48:04.261Z"}
{"level":"info","message":"SIGTERM Signal empfangen. Beende Anwendung...","timestamp":"2025-03-24T06:48:12.320Z"}
{"environment":"development","level":"info","logLevel":"debug","message":"Logger initialisiert mit Level: debug","timestamp":"2025-03-26T07:15:34.521Z","transports":["console","file","file","file","file"]}
{"level":"info","message":"HTTP-Honeypot-Modul wird eingerichtet...","timestamp":"2025-03-26T07:15:34.533Z"}
{"level":"info","message":"HTTP-Honeypot-Modul erfolgreich eingerichtet.","timestamp":"2025-03-26T07:15:34.533Z"}
{"level":"info","message":"SSH-Honeypot-Modul wird eingerichtet...","timestamp":"2025-03-26T07:15:34.534Z"}
{"level":"info","message":"FTP-Honeypot-Modul wird eingerichtet...","timestamp":"2025-03-26T07:15:34.537Z"}
{"level":"info","message":"FTP-Honeypot gestartet auf Port 21","timestamp":"2025-03-26T07:15:34.537Z"}
{"level":"info","message":"Debug-Modus aktiviert. Debug-Endpunkte verfügbar.","timestamp":"2025-03-26T07:15:34.538Z"}
{"level":"info","message":"Honeypot-Server gestartet auf Port 8080","timestamp":"2025-03-26T07:15:34.539Z"}
{"level":"info","message":"Konfiguration: {\n  \"honeypotId\": \"dev\",\n  \"apiKey\": \"***redacted***\",\n  \"apiEndpoint\": \"http://localhost:3001/api\",\n  \"heartbeatInterval\": 60000,\n  \"httpPort\": 8080,\n  \"hostIP\": \"172.18.0.2\",\n  \"debugMode\": true,\n  \"heartbeatRetryCount\": 3,\n  \"heartbeatRetryDelay\": 5000,\n  \"offlineMode\": false,\n  \"offlineAttackSync\": 300000\n}","timestamp":"2025-03-26T07:15:34.539Z"}
{"level":"info","message":"SSH-Honeypot gestartet auf Port 2222","timestamp":"2025-03-26T07:15:34.539Z"}
{"level":"info","message":"Sende Heartbeat an API-Server...","timestamp":"2025-03-26T07:15:36.526Z"}
{"endpoint":"http://localhost:3001/api/honeypot/heartbeat","headers":{"Content-Type":"application/json","User-Agent":"IPSwamp-Honeypot/1.0.0"},"honeypot_id":"dev","level":"debug","message":"Sende Heartbeat-Anfrage","timestamp":"2025-03-26T07:15:36.528Z"}
{"code":"ECONNREFUSED","level":"error","message":"Heartbeat-Fehler: Keine Antwort vom Server erhalten connect ECONNREFUSED ::1:3001","timestamp":"2025-03-26T07:15:36.538Z"}
{"error":"connect ECONNREFUSED ::1:3001","level":"error","message":"Fehler beim Senden des Heartbeats (Versuch 1)","timestamp":"2025-03-26T07:15:36.538Z"}
{"level":"info","message":"Versuche Heartbeat erneut in 5 Sekunden...","timestamp":"2025-03-26T07:15:36.538Z"}
{"level":"debug","message":"Erneuter Heartbeat-Versuch nach Fehler...","timestamp":"2025-03-26T07:15:41.547Z"}
{"endpoint":"http://localhost:3001/api/honeypot/heartbeat","headers":{"Content-Type":"application/json","User-Agent":"IPSwamp-Honeypot/1.0.0"},"honeypot_id":"dev","level":"debug","message":"Sende Heartbeat-Anfrage","timestamp":"2025-03-26T07:15:41.548Z"}
{"code":"ECONNREFUSED","level":"error","message":"Heartbeat-Fehler: Keine Antwort vom Server erhalten connect ECONNREFUSED ::1:3001","timestamp":"2025-03-26T07:15:41.549Z"}
{"error":"connect ECONNREFUSED ::1:3001","level":"error","message":"Auch erneuter Heartbeat-Versuch fehlgeschlagen","timestamp":"2025-03-26T07:15:41.549Z"}
{"level":"info","message":"SIGTERM Signal empfangen. Beende Anwendung...","timestamp":"2025-03-26T07:15:43.071Z"}
{"environment":"development","level":"info","logLevel":"debug","message":"Logger initialisiert mit Level: debug","timestamp":"2025-03-26T07:19:22.775Z","transports":["console","file","file","file","file"]}
{"level":"info","message":"HTTP-Honeypot-Modul wird eingerichtet...","timestamp":"2025-03-26T07:19:22.788Z"}
{"level":"info","message":"HTTP-Honeypot-Modul erfolgreich eingerichtet.","timestamp":"2025-03-26T07:19:22.788Z"}
{"level":"info","message":"SSH-Honeypot-Modul wird eingerichtet...","timestamp":"2025-03-26T07:19:22.788Z"}
{"level":"info","message":"FTP-Honeypot-Modul wird eingerichtet...","timestamp":"2025-03-26T07:19:22.791Z"}
{"level":"info","message":"FTP-Honeypot gestartet auf Port 21","timestamp":"2025-03-26T07:19:22.792Z"}
{"level":"info","message":"Debug-Modus aktiviert. Debug-Endpunkte verfügbar.","timestamp":"2025-03-26T07:19:22.792Z"}
{"level":"info","message":"Honeypot-Server gestartet auf Port 8080","timestamp":"2025-03-26T07:19:22.793Z"}
{"level":"info","message":"Konfiguration: {\n  \"honeypotId\": \"dev\",\n  \"apiKey\": \"***redacted***\",\n  \"apiEndpoint\": \"http://host.docker.internal:3001/api\",\n  \"heartbeatInterval\": 60000,\n  \"httpPort\": 8080,\n  \"hostIP\": \"172.20.0.2\",\n  \"debugMode\": true,\n  \"heartbeatRetryCount\": 3,\n  \"heartbeatRetryDelay\": 5000,\n  \"offlineMode\": false,\n  \"offlineAttackSync\": 300000\n}","timestamp":"2025-03-26T07:19:22.793Z"}
{"level":"info","message":"SSH-Honeypot gestartet auf Port 2222","timestamp":"2025-03-26T07:19:22.793Z"}
{"level":"info","message":"Sende Heartbeat an API-Server...","timestamp":"2025-03-26T07:19:24.779Z"}
{"endpoint":"http://host.docker.internal:3001/api/honeypot/heartbeat","headers":{"Content-Type":"application/json","User-Agent":"IPSwamp-Honeypot/1.0.0"},"honeypot_id":"dev","level":"debug","message":"Sende Heartbeat-Anfrage","timestamp":"2025-03-26T07:19:24.781Z"}
{"code":"HPE_INVALID_CONSTANT","level":"error","message":"Heartbeat-Fehler: Keine Antwort vom Server erhalten Parse Error: Expected HTTP/","timestamp":"2025-03-26T07:19:25.141Z"}
{"error":"Parse Error: Expected HTTP/","level":"error","message":"Fehler beim Senden des Heartbeats (Versuch 1)","timestamp":"2025-03-26T07:19:25.141Z"}
{"level":"info","message":"Versuche Heartbeat erneut in 5 Sekunden...","timestamp":"2025-03-26T07:19:25.141Z"}
{"level":"debug","message":"Erneuter Heartbeat-Versuch nach Fehler...","timestamp":"2025-03-26T07:19:30.149Z"}
{"endpoint":"http://host.docker.internal:3001/api/honeypot/heartbeat","headers":{"Content-Type":"application/json","User-Agent":"IPSwamp-Honeypot/1.0.0"},"honeypot_id":"dev","level":"debug","message":"Sende Heartbeat-Anfrage","timestamp":"2025-03-26T07:19:30.150Z"}
{"code":"HPE_INVALID_CONSTANT","level":"error","message":"Heartbeat-Fehler: Keine Antwort vom Server erhalten Parse Error: Expected HTTP/","timestamp":"2025-03-26T07:19:30.264Z"}
{"error":"Parse Error: Expected HTTP/","level":"error","message":"Auch erneuter Heartbeat-Versuch fehlgeschlagen","timestamp":"2025-03-26T07:19:30.265Z"}
{"level":"info","message":"Sende Heartbeat an API-Server...","timestamp":"2025-03-26T07:20:00.002Z"}
{"endpoint":"http://host.docker.internal:3001/api/honeypot/heartbeat","headers":{"Content-Type":"application/json","User-Agent":"IPSwamp-Honeypot/1.0.0"},"honeypot_id":"dev","level":"debug","message":"Sende Heartbeat-Anfrage","timestamp":"2025-03-26T07:20:00.002Z"}
{"code":"HPE_INVALID_CONSTANT","level":"error","message":"Heartbeat-Fehler: Keine Antwort vom Server erhalten Parse Error: Expected HTTP/","timestamp":"2025-03-26T07:20:00.080Z"}
{"error":"Parse Error: Expected HTTP/","level":"error","message":"Fehler beim Senden des Heartbeats (Versuch 2)","timestamp":"2025-03-26T07:20:00.080Z"}
{"level":"info","message":"Versuche Heartbeat erneut in 5 Sekunden...","timestamp":"2025-03-26T07:20:00.080Z"}
{"level":"debug","message":"Erneuter Heartbeat-Versuch nach Fehler...","timestamp":"2025-03-26T07:20:05.082Z"}
{"endpoint":"http://host.docker.internal:3001/api/honeypot/heartbeat","headers":{"Content-Type":"application/json","User-Agent":"IPSwamp-Honeypot/1.0.0"},"honeypot_id":"dev","level":"debug","message":"Sende Heartbeat-Anfrage","timestamp":"2025-03-26T07:20:05.082Z"}
{"code":"HPE_INVALID_CONSTANT","level":"error","message":"Heartbeat-Fehler: Keine Antwort vom Server erhalten Parse Error: Expected HTTP/","timestamp":"2025-03-26T07:20:05.185Z"}
{"error":"Parse Error: Expected HTTP/","level":"error","message":"Auch erneuter Heartbeat-Versuch fehlgeschlagen","timestamp":"2025-03-26T07:20:05.185Z"}
{"level":"warn","message":"Möglicher SUSPICIOUS_USER_AGENT-Angriff erkannt","request":{"body":{},"headers":{"accept":"*/*","host":"localhost:8080","user-agent":"curl/8.7.1"},"ip":"::ffff:192.168.65.1","method":"POST","path":"/upload-offline-attacks","query":{},"timestamp":"2025-03-26T07:20:12.221Z"},"timestamp":"2025-03-26T07:20:12.222Z"}
{"level":"info","message":"HTTP-Anfrage empfangen","request":{"body":{},"headers":{"accept":"*/*","host":"localhost:8080","user-agent":"curl/8.7.1"},"ip":"::ffff:192.168.65.1","method":"POST","path":"/upload-offline-attacks","query":{},"timestamp":"2025-03-26T07:20:12.221Z"},"timestamp":"2025-03-26T07:20:12.225Z"}
{"error":"Parse Error: Expected HTTP/","level":"error","message":"Fehler beim Melden des Angriffs","timestamp":"2025-03-26T07:20:12.356Z"}
{"level":"warn","message":"Möglicher SUSPICIOUS_USER_AGENT-Angriff erkannt","request":{"body":{},"headers":{"accept":"*/*","host":"localhost:8080","user-agent":"curl/8.7.1"},"ip":"::ffff:192.168.65.1","method":"POST","path":"/upload-offline-attacks","query":{},"timestamp":"2025-03-26T07:20:59.491Z"},"timestamp":"2025-03-26T07:20:59.491Z"}
{"level":"info","message":"HTTP-Anfrage empfangen","request":{"body":{},"headers":{"accept":"*/*","host":"localhost:8080","user-agent":"curl/8.7.1"},"ip":"::ffff:192.168.65.1","method":"POST","path":"/upload-offline-attacks","query":{},"timestamp":"2025-03-26T07:20:59.491Z"},"timestamp":"2025-03-26T07:20:59.492Z"}
{"error":"Parse Error: Expected HTTP/","level":"error","message":"Fehler beim Melden des Angriffs","timestamp":"2025-03-26T07:20:59.604Z"}
{"level":"info","message":"Sende Heartbeat an API-Server...","timestamp":"2025-03-26T07:21:00.007Z"}
{"endpoint":"http://host.docker.internal:3001/api/honeypot/heartbeat","headers":{"Content-Type":"application/json","User-Agent":"IPSwamp-Honeypot/1.0.0"},"honeypot_id":"dev","level":"debug","message":"Sende Heartbeat-Anfrage","timestamp":"2025-03-26T07:21:00.007Z"}
{"code":"HPE_INVALID_CONSTANT","level":"error","message":"Heartbeat-Fehler: Keine Antwort vom Server erhalten Parse Error: Expected HTTP/","timestamp":"2025-03-26T07:21:00.103Z"}
{"error":"Parse Error: Expected HTTP/","level":"error","message":"Fehler beim Senden des Heartbeats (Versuch 3)","timestamp":"2025-03-26T07:21:00.104Z"}
{"level":"info","message":"Versuche Heartbeat erneut in 5 Sekunden...","timestamp":"2025-03-26T07:21:00.104Z"}
{"level":"warn","message":"Mehrere Heartbeat-Fehler - teste API-Verbindung...","timestamp":"2025-03-26T07:21:00.104Z"}
{"level":"info","message":"Teste API-Verbindung...","timestamp":"2025-03-26T07:21:00.104Z"}
{"endpoint":"http://host.docker.internal:3001/api/ping","error":"Parse Error: Expected HTTP/","level":"error","message":"API-Verbindungstest fehlgeschlagen","response":null,"timestamp":"2025-03-26T07:21:00.175Z"}
{"level":"error","message":"API-Verbindung fehlgeschlagen - möglicherweise Server-Problem","timestamp":"2025-03-26T07:21:00.176Z"}
{"level":"debug","message":"Erneuter Heartbeat-Versuch nach Fehler...","timestamp":"2025-03-26T07:21:05.104Z"}
{"endpoint":"http://host.docker.internal:3001/api/honeypot/heartbeat","headers":{"Content-Type":"application/json","User-Agent":"IPSwamp-Honeypot/1.0.0"},"honeypot_id":"dev","level":"debug","message":"Sende Heartbeat-Anfrage","timestamp":"2025-03-26T07:21:05.104Z"}
{"code":"HPE_INVALID_CONSTANT","level":"error","message":"Heartbeat-Fehler: Keine Antwort vom Server erhalten Parse Error: Expected HTTP/","timestamp":"2025-03-26T07:21:05.171Z"}
{"error":"Parse Error: Expected HTTP/","level":"error","message":"Auch erneuter Heartbeat-Versuch fehlgeschlagen","timestamp":"2025-03-26T07:21:05.172Z"}
{"level":"info","message":"SIGTERM Signal empfangen. Beende Anwendung...","timestamp":"2025-03-26T07:21:14.071Z"}
{"environment":"development","level":"info","logLevel":"debug","message":"Logger initialisiert mit Level: debug","timestamp":"2025-03-26T07:31:51.481Z","transports":["console","file","file","file","file"]}
{"level":"info","message":"HTTP-Honeypot-Modul wird eingerichtet...","timestamp":"2025-03-26T07:31:51.493Z"}
{"level":"info","message":"HTTP-Honeypot-Modul erfolgreich eingerichtet.","timestamp":"2025-03-26T07:31:51.494Z"}
{"level":"info","message":"SSH-Honeypot-Modul wird eingerichtet...","timestamp":"2025-03-26T07:31:51.495Z"}
{"level":"info","message":"FTP-Honeypot-Modul wird eingerichtet...","timestamp":"2025-03-26T07:31:51.498Z"}
{"level":"info","message":"FTP-Honeypot gestartet auf Port 21","timestamp":"2025-03-26T07:31:51.498Z"}
{"level":"info","message":"Debug-Modus aktiviert. Debug-Endpunkte verfügbar.","timestamp":"2025-03-26T07:31:51.499Z"}
{"level":"info","message":"Honeypot-Server gestartet auf Port 8080","timestamp":"2025-03-26T07:31:51.500Z"}
{"level":"info","message":"Konfiguration: {\n  \"honeypotId\": \"dev\",\n  \"apiKey\": \"***redacted***\",\n  \"apiEndpoint\": \"http://hono:3001/api\",\n  \"heartbeatInterval\": 60000,\n  \"httpPort\": 8080,\n  \"hostIP\": \"172.18.0.5\",\n  \"debugMode\": true,\n  \"heartbeatRetryCount\": 5,\n  \"heartbeatRetryDelay\": 10000,\n  \"offlineMode\": false,\n  \"offlineAttackSync\": 300000\n}","timestamp":"2025-03-26T07:31:51.501Z"}
{"level":"info","message":"SSH-Honeypot gestartet auf Port 2222","timestamp":"2025-03-26T07:31:51.501Z"}
{"level":"info","message":"Sende Heartbeat an API-Server...","timestamp":"2025-03-26T07:31:53.486Z"}
{"endpoint":"http://hono:3001/api/honeypot/heartbeat","headers":{"Content-Type":"application/json","User-Agent":"IPSwamp-Honeypot/1.0.0"},"honeypot_id":"dev","level":"debug","message":"Sende Heartbeat-Anfrage","timestamp":"2025-03-26T07:31:53.488Z"}
{"code":"HPE_INVALID_CONSTANT","level":"error","message":"Heartbeat-Fehler: Keine Antwort vom Server erhalten Parse Error: Expected HTTP/","timestamp":"2025-03-26T07:31:53.817Z"}
{"error":"Parse Error: Expected HTTP/","level":"error","message":"Fehler beim Senden des Heartbeats (Versuch 1)","timestamp":"2025-03-26T07:31:53.817Z"}
{"level":"info","message":"Versuche Heartbeat erneut in 10 Sekunden...","timestamp":"2025-03-26T07:31:53.817Z"}
{"level":"info","message":"Sende Heartbeat an API-Server...","timestamp":"2025-03-26T07:32:00.001Z"}
{"endpoint":"http://hono:3001/api/honeypot/heartbeat","headers":{"Content-Type":"application/json","User-Agent":"IPSwamp-Honeypot/1.0.0"},"honeypot_id":"dev","level":"debug","message":"Sende Heartbeat-Anfrage","timestamp":"2025-03-26T07:32:00.001Z"}
{"code":"HPE_INVALID_CONSTANT","level":"error","message":"Heartbeat-Fehler: Keine Antwort vom Server erhalten Parse Error: Expected HTTP/","timestamp":"2025-03-26T07:32:00.086Z"}
{"error":"Parse Error: Expected HTTP/","level":"error","message":"Fehler beim Senden des Heartbeats (Versuch 2)","timestamp":"2025-03-26T07:32:00.087Z"}
{"level":"info","message":"Versuche Heartbeat erneut in 10 Sekunden...","timestamp":"2025-03-26T07:32:00.087Z"}
{"level":"debug","message":"Erneuter Heartbeat-Versuch nach Fehler...","timestamp":"2025-03-26T07:32:03.820Z"}
{"endpoint":"http://hono:3001/api/honeypot/heartbeat","headers":{"Content-Type":"application/json","User-Agent":"IPSwamp-Honeypot/1.0.0"},"honeypot_id":"dev","level":"debug","message":"Sende Heartbeat-Anfrage","timestamp":"2025-03-26T07:32:03.821Z"}
{"code":"HPE_INVALID_CONSTANT","level":"error","message":"Heartbeat-Fehler: Keine Antwort vom Server erhalten Parse Error: Expected HTTP/","timestamp":"2025-03-26T07:32:03.910Z"}
{"error":"Parse Error: Expected HTTP/","level":"error","message":"Auch erneuter Heartbeat-Versuch fehlgeschlagen","timestamp":"2025-03-26T07:32:03.910Z"}
{"level":"debug","message":"Erneuter Heartbeat-Versuch nach Fehler...","timestamp":"2025-03-26T07:32:10.111Z"}
{"endpoint":"http://hono:3001/api/honeypot/heartbeat","headers":{"Content-Type":"application/json","User-Agent":"IPSwamp-Honeypot/1.0.0"},"honeypot_id":"dev","level":"debug","message":"Sende Heartbeat-Anfrage","timestamp":"2025-03-26T07:32:10.112Z"}
{"code":"HPE_INVALID_CONSTANT","level":"error","message":"Heartbeat-Fehler: Keine Antwort vom Server erhalten Parse Error: Expected HTTP/","timestamp":"2025-03-26T07:32:10.196Z"}
{"error":"Parse Error: Expected HTTP/","level":"error","message":"Auch erneuter Heartbeat-Versuch fehlgeschlagen","timestamp":"2025-03-26T07:32:10.196Z"}
{"level":"info","message":"SIGTERM Signal empfangen. Beende Anwendung...","timestamp":"2025-03-26T07:32:45.854Z"}
