{"level":"info","message":"Sende Heartbeat an API-Server...","timestamp":"2025-03-19T10:42:05.450Z"}
{"level":"info","message":"HTTP-Honeypot-Modul wird eingerichtet...","timestamp":"2025-03-19T10:42:05.481Z"}
{"level":"info","message":"HTTP-Honeypot-Modul erfolgreich eingerichtet.","timestamp":"2025-03-19T10:42:05.481Z"}
{"level":"info","message":"Honeypot-Server gestartet auf Port 8080","timestamp":"2025-03-19T10:42:05.483Z"}
{"level":"info","message":"Konfiguration: {\n  \"honeypotId\": \"2\",\n  \"apiKey\": \"e309bbf470b3e57d10082aa69325173e3c012e83ed6452a0d995bbb721c02f4a\",\n  \"apiEndpoint\": \"https://api.ipswamp.com/api\",\n  \"heartbeatInterval\": 60000,\n  \"httpPort\": 8080,\n  \"hostIP\": \"172.18.0.2\"\n}","timestamp":"2025-03-19T10:42:05.483Z"}
{"error":"Request failed with status code 403","level":"error","message":"Fehler beim Senden des Heartbeats","timestamp":"2025-03-19T10:42:05.857Z"}
{"level":"info","message":"SIGTERM Signal empfangen. Beende Anwendung...","timestamp":"2025-03-19T10:42:30.216Z"}
{"level":"info","message":"Sende Heartbeat an API-Server...","timestamp":"2025-03-19T14:31:10.766Z"}
{"level":"info","message":"HTTP-Honeypot-Modul wird eingerichtet...","timestamp":"2025-03-19T14:31:10.800Z"}
{"level":"info","message":"HTTP-Honeypot-Modul erfolgreich eingerichtet.","timestamp":"2025-03-19T14:31:10.800Z"}
{"level":"info","message":"Honeypot-Server gestartet auf Port 8080","timestamp":"2025-03-19T14:31:10.803Z"}
{"level":"info","message":"Konfiguration: {\n  \"honeypotId\": \"2\",\n  \"apiKey\": \"e309bbf470b3e57d10082aa69325173e3c012e83ed6452a0d995bbb721c02f4a\",\n  \"apiEndpoint\": \"https://api.ipswamp.com/api\",\n  \"heartbeatInterval\": 60000,\n  \"httpPort\": 8080,\n  \"hostIP\": \"172.18.0.2\"\n}","timestamp":"2025-03-19T14:31:10.803Z"}
{"level":"info","message":"Heartbeat erfolgreich gesendet","response":{"debug":{"fetch_success":true,"method":"supabase","update_data_length":0},"honeypot":{"id":2,"last_heartbeat":"2025-03-19T14:31:10.984Z","name":"test"},"message":"Heartbeat successfully updated","status":"ok","timestamp":"2025-03-19T14:31:10.984Z"},"timestamp":"2025-03-19T14:31:11.042Z"}
{"level":"info","message":"Sende Heartbeat an API-Server...","timestamp":"2025-03-19T14:32:00.013Z"}
{"level":"info","message":"Heartbeat erfolgreich gesendet","response":{"debug":{"fetch_success":true,"method":"supabase","update_data_length":0},"honeypot":{"id":2,"last_heartbeat":"2025-03-19T14:32:00.296Z","name":"test"},"message":"Heartbeat successfully updated","status":"ok","timestamp":"2025-03-19T14:32:00.296Z"},"timestamp":"2025-03-19T14:32:00.366Z"}
{"level":"info","message":"Sende Heartbeat an API-Server...","timestamp":"2025-03-19T14:33:00.011Z"}
{"level":"info","message":"Heartbeat erfolgreich gesendet","response":{"debug":{"fetch_success":true,"method":"supabase","update_data_length":0},"honeypot":{"id":2,"last_heartbeat":"2025-03-19T14:33:00.370Z","name":"test"},"message":"Heartbeat successfully updated","status":"ok","timestamp":"2025-03-19T14:33:00.370Z"},"timestamp":"2025-03-19T14:33:00.416Z"}
{"level":"info","message":"Sende Heartbeat an API-Server...","timestamp":"2025-03-19T14:34:00.007Z"}
{"level":"info","message":"Heartbeat erfolgreich gesendet","response":{"debug":{"fetch_success":true,"method":"supabase","update_data_length":0},"honeypot":{"id":2,"last_heartbeat":"2025-03-19T14:34:00.272Z","name":"test"},"message":"Heartbeat successfully updated","status":"ok","timestamp":"2025-03-19T14:34:00.272Z"},"timestamp":"2025-03-19T14:34:00.337Z"}
{"level":"info","message":"Sende Heartbeat an API-Server...","timestamp":"2025-03-19T14:35:00.024Z"}
{"level":"info","message":"Heartbeat erfolgreich gesendet","response":{"debug":{"fetch_success":true,"method":"supabase","update_data_length":0},"honeypot":{"id":2,"last_heartbeat":"2025-03-19T14:35:00.405Z","name":"test"},"message":"Heartbeat successfully updated","status":"ok","timestamp":"2025-03-19T14:35:00.405Z"},"timestamp":"2025-03-19T14:35:00.450Z"}
{"level":"info","message":"Sende Heartbeat an API-Server...","timestamp":"2025-03-19T14:36:00.008Z"}
{"level":"info","message":"Heartbeat erfolgreich gesendet","response":{"debug":{"fetch_success":true,"method":"supabase","update_data_length":0},"honeypot":{"id":2,"last_heartbeat":"2025-03-19T14:36:00.243Z","name":"test"},"message":"Heartbeat successfully updated","status":"ok","timestamp":"2025-03-19T14:36:00.243Z"},"timestamp":"2025-03-19T14:36:00.321Z"}
{"level":"info","message":"Sende Heartbeat an API-Server...","timestamp":"2025-03-19T14:37:00.023Z"}
{"level":"info","message":"Heartbeat erfolgreich gesendet","response":{"debug":{"fetch_success":true,"method":"supabase","update_data_length":0},"honeypot":{"id":2,"last_heartbeat":"2025-03-19T14:37:00.391Z","name":"test"},"message":"Heartbeat successfully updated","status":"ok","timestamp":"2025-03-19T14:37:00.391Z"},"timestamp":"2025-03-19T14:37:00.425Z"}
{"level":"info","message":"SIGTERM Signal empfangen. Beende Anwendung...","timestamp":"2025-03-19T14:37:34.091Z"}
